<?xml version="1.0" encoding="UTF-8"?>
<!-- Generated by org.testng.reporters.JUnitXMLReporter -->
<testsuite ignored="0" hostname="DESKTOP-T445K2G" failures="0" tests="2" name="Default test" time="35.277" errors="0" timestamp="24 Apr 2022 12:54:17 GMT">
  <testcase classname="com.herokuapp.theinternet.NegativeTests" name="incorrectUsernameTest" time="18.378"/>
  <testcase classname="com.herokuapp.theinternet.NegativeTests" name="incorrectPasswordTest" time="16.881"/>
</testsuite> <!-- Default test -->
